2025-05-29 11:39:59,967 - INFO - Tour 1 – Cartes tirées : ['Yaourt Hystérique', 'Sushi Moisi', 'Compote Volante']
2025-05-29 11:40:07,474 - INFO - Tour 2 – Cartes tirées : ['Riz Collant', 'Brochette Cramée', 'Frites Friables']
2025-05-29 11:40:08,164 - INFO - Tour 3 – Cartes tirées : ['Burger Brûlé', 'Tacos Surprise', 'Nuggets Trop Cuits']
2025-05-29 11:40:08,725 - INFO - Tour 4 – Cartes tirées : ['Biscuit Molletonné', 'Tarte Trop Acide', 'Salade Explosive']
2025-05-29 11:40:09,425 - INFO - Tour 5 – Cartes tirées : ['Gâteau Vide', 'Chili Glacé', 'Glace Fantôme']
2025-05-29 11:40:09,994 - INFO - Tour 6 – Cartes tirées : ['Pâtes Trop Salées', 'Pain Élastique', 'Yaourt Hystérique']
2025-05-29 11:40:10,605 - INFO - Tour 7 – Cartes tirées : ['Pizza Gluante', 'Brochette Cramée', 'Bonbon Acidulé']
2025-05-29 11:40:11,205 - INFO - Score final joueur : -5, IA : -5
2025-05-29 11:40:29,466 - INFO - Tour 1 – Cartes tirées : ['Glace Fantôme', 'Sushi Moisi', 'Tarte Trop Acide']
2025-05-29 11:42:02,138 - INFO - Tour 1 – Cartes tirées : ['Tarte Trop Acide', 'Cookie Mutant', 'Frites Friables']
2025-05-29 11:42:04,657 - INFO - Tour 2 – Cartes tirées : ['Yaourt Hystérique', 'Sushi Moisi', 'Glace Fantôme']
2025-05-29 11:42:05,304 - INFO - Tour 3 – Cartes tirées : ['Champignon Farceur', 'Soupe Disparue', 'Pain Élastique']
2025-05-29 11:42:06,751 - INFO - Tour 4 – Cartes tirées : ['Glace Fantôme', 'Boulettes Rebelles', 'Gâteau Vide']
2025-05-29 11:42:07,304 - INFO - Tour 5 – Cartes tirées : ['Salade Explosive', 'Compote Volante', 'Chili Glacé']
2025-05-29 11:42:08,045 - INFO - Tour 6 – Cartes tirées : ['Burger Brûlé', 'Nuggets Trop Cuits', 'Champignon Farceur']
2025-05-29 11:42:08,796 - INFO - Tour 7 – Cartes tirées : ['Gâteau Vide', 'Pâtes Trop Salées', 'Tacos Surprise']
2025-05-29 11:42:09,585 - INFO - Score final joueur : -5, IA : 5
2025-05-29 11:44:21,724 - INFO - Tour 1 – Cartes tirées : ['Yaourt Hystérique', 'Chili Glacé', 'Pizza Gluante']
2025-05-29 11:44:23,624 - INFO - Tour 2 – Cartes tirées : ['Biscuit Molletonné', 'Cookie Mutant', 'Brochette Cramée']
2025-05-29 11:44:24,164 - INFO - Tour 3 – Cartes tirées : ['Frites Friables', 'Pizza Gluante', 'Salade Explosive']
2025-05-29 11:44:24,923 - INFO - Tour 4 – Cartes tirées : ['Salade Explosive', 'Soupe Disparue', 'Fromage Miroir']
2025-05-29 11:44:25,475 - INFO - Tour 5 – Cartes tirées : ['Burger Brûlé', 'Soupe Disparue', 'Sushi Moisi']
2025-05-29 11:44:26,045 - INFO - Tour 6 – Cartes tirées : ['Tarte Trop Acide', 'Champignon Farceur', 'Nuggets Trop Cuits']
2025-05-29 11:44:26,633 - INFO - Tour 7 – Cartes tirées : ['Burger Brûlé', 'Pain Élastique', 'Tacos Surprise']
2025-05-29 11:44:27,345 - INFO - Score final joueur : -4, IA : -7
2025-05-29 11:52:53,335 - INFO - Tour 1 – Cartes tirées : ['Fromage Miroir', 'Pain Élastique', 'Gâteau Vide']
2025-05-29 11:54:29,024 - INFO - Tour 1 – Cartes tirées : ['Cookie Mutant', 'Fromage Miroir', 'Pizza Gluante']
2025-05-29 11:54:29,025 - INFO - Tour 2 – Cartes tirées : ['Glace Fantôme', 'Pâtes Trop Salées', 'Salade Explosive']
2025-05-29 11:54:29,025 - INFO - Tour 3 – Cartes tirées : ['Brochette Cramée', 'Biscuit Molletonné', 'Soupe Disparue']
2025-05-29 11:54:29,025 - INFO - Tour 4 – Cartes tirées : ['Tarte Trop Acide', 'Bonbon Acidulé', 'Fromage Miroir']
2025-05-29 11:54:29,026 - INFO - Tour 5 – Cartes tirées : ['Frites Friables', 'Chili Glacé', 'Nuggets Trop Cuits']
2025-05-29 11:54:29,026 - INFO - Tour 6 – Cartes tirées : ['Boulettes Rebelles', 'Yaourt Hystérique', 'Compote Volante']
2025-05-29 11:54:29,027 - INFO - Tour 7 – Cartes tirées : ['Gâteau Vide', 'Bonbon Acidulé', 'Compote Volante']
2025-05-29 11:54:29,027 - INFO - Score final joueur : 1, IA : 5
